This file contains any messages produced by compilers while
running configure, to aid debugging if configure makes a mistake.

It was created by configure, which was
generated by GNU Autoconf 2.59.  Invocation command line was

  $ /home/pingwin/ethkiller/configure --enable-debug=full

## --------- ##
## Platform. ##
## --------- ##

hostname = guy
uname -m = i686
uname -r = 2.6.10
uname -s = Linux
uname -v = #3 Fri Apr 15 08:40:32 EDT 2005

/usr/bin/uname -p = AMD Athlon(tm) XP 2600+
/bin/uname -X     = unknown

/bin/arch              = i686
/usr/bin/arch -k       = unknown
/usr/convex/getsysinfo = unknown
hostinfo               = unknown
/bin/machine           = unknown
/usr/bin/oslevel       = unknown
/bin/universe          = unknown

PATH: /bin
PATH: /usr/bin
PATH: /usr/local/bin
PATH: /opt/bin
PATH: /usr/i686-pc-linux-gnu/gcc-bin/3.3
PATH: /usr/X11R6/bin
PATH: /opt/blackdown-jdk-1.4.1/bin
PATH: /opt/blackdown-jdk-1.4.1/jre/bin
PATH: /usr/qt/3/bin
PATH: /usr/kde/3.3/bin
PATH: /usr/games/bin
PATH: /usr/share/karamba/bin
PATH: /usr/lib/wine/bin


## ----------- ##
## Core tests. ##
## ----------- ##

configure:1543: checking for a BSD-compatible install
configure:1598: result: /bin/install -c
configure:1609: checking whether build environment is sane
configure:1652: result: yes
configure:1685: checking for gawk
configure:1701: found /bin/gawk
configure:1711: result: gawk
configure:1721: checking whether make sets $(MAKE)
configure:1741: result: yes
configure:1987: checking for C++ compiler version
configure:1990: g++ --version </dev/null >&5
g++ (GCC) 3.3.4 20040623 (Gentoo Linux 3.3.4-r1, ssp-3.3.2-2, pie-8.7.6)
Copyright (C) 2003 Free Software Foundation, Inc.
This is free software; see the source for copying conditions.  There is NO
warranty; not even for MERCHANTABILITY or FITNESS FOR A PARTICULAR PURPOSE.

configure:1993: $? = 0
configure:1995: g++ -v </dev/null >&5
Reading specs from /usr/lib/gcc-lib/i686-pc-linux-gnu/3.3.4/specs
Configured with: /var/tmp/portage/gcc-3.3.4-r1/work/gcc-3.3.4/configure --prefix=/usr --bindir=/usr/i686-pc-linux-gnu/gcc-bin/3.3 --includedir=/usr/lib/gcc-lib/i686-pc-linux-gnu/3.3.4/include --datadir=/usr/share/gcc-data/i686-pc-linux-gnu/3.3 --mandir=/usr/share/gcc-data/i686-pc-linux-gnu/3.3/man --infodir=/usr/share/gcc-data/i686-pc-linux-gnu/3.3/info --enable-shared --host=i686-pc-linux-gnu --target=i686-pc-linux-gnu --with-system-zlib --enable-languages=c,c++ --enable-threads=posix --enable-long-long --disable-checking --disable-libunwind-exceptions --enable-cstdio=stdio --enable-version-specific-runtime-libs --with-gxx-include-dir=/usr/lib/gcc-lib/i686-pc-linux-gnu/3.3.4/include/g++-v3 --with-local-prefix=/usr/local --enable-shared --enable-nls --without-included-gettext --disable-multilib --enable-__cxa_atexit --enable-clocale=generic
Thread model: posix
gcc version 3.3.4 20040623 (Gentoo Linux 3.3.4-r1, ssp-3.3.2-2, pie-8.7.6)
configure:1998: $? = 0
configure:2000: g++ -V </dev/null >&5
g++: `-V' option must have argument
configure:2003: $? = 1
configure:2026: checking for C++ compiler default output file name
configure:2029: g++ -O0 -g3   conftest.cc  >&5
configure:2032: $? = 0
configure:2078: result: a.out
configure:2083: checking whether the C++ compiler works
configure:2089: ./a.out
configure:2092: $? = 0
configure:2109: result: yes
configure:2116: checking whether we are cross compiling
configure:2118: result: no
configure:2121: checking for suffix of executables
configure:2123: g++ -o conftest -O0 -g3   conftest.cc  >&5
configure:2126: $? = 0
configure:2151: result: 
configure:2157: checking for suffix of object files
configure:2178: g++ -c -O0 -g3  conftest.cc >&5
configure:2181: $? = 0
configure:2203: result: o
configure:2207: checking whether we are using the GNU C++ compiler
configure:2231: g++ -c -O0 -g3  conftest.cc >&5
configure:2237: $? = 0
configure:2241: test -z 
			 || test ! -s conftest.err
configure:2244: $? = 0
configure:2247: test -s conftest.o
configure:2250: $? = 0
configure:2263: result: yes
configure:2269: checking whether g++ accepts -g
configure:2290: g++ -c -g  conftest.cc >&5
configure:2296: $? = 0
configure:2300: test -z 
			 || test ! -s conftest.err
configure:2303: $? = 0
configure:2306: test -s conftest.o
configure:2309: $? = 0
configure:2320: result: yes
configure:2362: g++ -c -O0 -g3  conftest.cc >&5
configure:2368: $? = 0
configure:2372: test -z 
			 || test ! -s conftest.err
configure:2375: $? = 0
configure:2378: test -s conftest.o
configure:2381: $? = 0
configure:2407: g++ -c -O0 -g3  conftest.cc >&5
conftest.cc: In function `int main()':
conftest.cc:15: error: `exit' undeclared (first use this function)
conftest.cc:15: error: (Each undeclared identifier is reported only once for 
   each function it appears in.)
configure:2413: $? = 1
configure: failed program was:
| /* confdefs.h.  */
| 
| #define PACKAGE_NAME ""
| #define PACKAGE_TARNAME ""
| #define PACKAGE_VERSION ""
| #define PACKAGE_STRING ""
| #define PACKAGE_BUGREPORT ""
| #define PACKAGE "ethkiller"
| #define VERSION "0.1"
| /* end confdefs.h.  */
| 
| int
| main ()
| {
| exit (42);
|   ;
|   return 0;
| }
configure:2362: g++ -c -O0 -g3  conftest.cc >&5
configure:2368: $? = 0
configure:2372: test -z 
			 || test ! -s conftest.err
configure:2375: $? = 0
configure:2378: test -s conftest.o
configure:2381: $? = 0
configure:2407: g++ -c -O0 -g3  conftest.cc >&5
configure:2413: $? = 0
configure:2417: test -z 
			 || test ! -s conftest.err
configure:2420: $? = 0
configure:2423: test -s conftest.o
configure:2426: $? = 0
configure:2468: checking for style of include used by make
configure:2496: result: GNU
configure:2524: checking dependency style of g++
configure:2586: result: gcc3
configure:2669: checking build system type
configure:2687: result: i686-pc-linux-gnu
configure:2695: checking host system type
configure:2709: result: i686-pc-linux-gnu
configure:2763: checking for gcc
configure:2789: result: gcc
configure:3033: checking for C compiler version
configure:3036: gcc --version </dev/null >&5
gcc (GCC) 3.3.4 20040623 (Gentoo Linux 3.3.4-r1, ssp-3.3.2-2, pie-8.7.6)
Copyright (C) 2003 Free Software Foundation, Inc.
This is free software; see the source for copying conditions.  There is NO
warranty; not even for MERCHANTABILITY or FITNESS FOR A PARTICULAR PURPOSE.

configure:3039: $? = 0
configure:3041: gcc -v </dev/null >&5
Reading specs from /usr/lib/gcc-lib/i686-pc-linux-gnu/3.3.4/specs
Configured with: /var/tmp/portage/gcc-3.3.4-r1/work/gcc-3.3.4/configure --prefix=/usr --bindir=/usr/i686-pc-linux-gnu/gcc-bin/3.3 --includedir=/usr/lib/gcc-lib/i686-pc-linux-gnu/3.3.4/include --datadir=/usr/share/gcc-data/i686-pc-linux-gnu/3.3 --mandir=/usr/share/gcc-data/i686-pc-linux-gnu/3.3/man --infodir=/usr/share/gcc-data/i686-pc-linux-gnu/3.3/info --enable-shared --host=i686-pc-linux-gnu --target=i686-pc-linux-gnu --with-system-zlib --enable-languages=c,c++ --enable-threads=posix --enable-long-long --disable-checking --disable-libunwind-exceptions --enable-cstdio=stdio --enable-version-specific-runtime-libs --with-gxx-include-dir=/usr/lib/gcc-lib/i686-pc-linux-gnu/3.3.4/include/g++-v3 --with-local-prefix=/usr/local --enable-shared --enable-nls --without-included-gettext --disable-multilib --enable-__cxa_atexit --enable-clocale=generic
Thread model: posix
gcc version 3.3.4 20040623 (Gentoo Linux 3.3.4-r1, ssp-3.3.2-2, pie-8.7.6)
configure:3044: $? = 0
configure:3046: gcc -V </dev/null >&5
gcc: `-V' option must have argument
configure:3049: $? = 1
configure:3052: checking whether we are using the GNU C compiler
configure:3076: gcc -c   conftest.c >&5
configure:3082: $? = 0
configure:3086: test -z 
			 || test ! -s conftest.err
configure:3089: $? = 0
configure:3092: test -s conftest.o
configure:3095: $? = 0
configure:3108: result: yes
configure:3114: checking whether gcc accepts -g
configure:3135: gcc -c -g  conftest.c >&5
configure:3141: $? = 0
configure:3145: test -z 
			 || test ! -s conftest.err
configure:3148: $? = 0
configure:3151: test -s conftest.o
configure:3154: $? = 0
configure:3165: result: yes
configure:3182: checking for gcc option to accept ANSI C
configure:3252: gcc  -c -g -O2  conftest.c >&5
configure:3258: $? = 0
configure:3262: test -z 
			 || test ! -s conftest.err
configure:3265: $? = 0
configure:3268: test -s conftest.o
configure:3271: $? = 0
configure:3289: result: none needed
configure:3307: gcc -c -g -O2  conftest.c >&5
conftest.c:2: error: syntax error before "me"
configure:3313: $? = 1
configure: failed program was:
| #ifndef __cplusplus
|   choke me
| #endif
configure:3448: checking dependency style of gcc
configure:3510: result: gcc3
configure:3515: checking for a sed that does not truncate output
configure:3569: result: /bin/sed
configure:3572: checking for egrep
configure:3582: result: grep -E
configure:3598: checking for ld used by gcc
configure:3665: result: /usr/i686-pc-linux-gnu/bin/ld
configure:3674: checking if the linker (/usr/i686-pc-linux-gnu/bin/ld) is GNU ld
configure:3689: result: yes
configure:3694: checking for /usr/i686-pc-linux-gnu/bin/ld option to reload object files
configure:3701: result: -r
configure:3710: checking for BSD-compatible nm
configure:3752: result: /usr/bin/nm -B
configure:3756: checking whether ln -s works
configure:3760: result: yes
configure:3767: checking how to recognise dependent libraries
configure:3950: result: pass_all
configure:4082: g++ -c -O0 -g3  conftest.cc >&5
configure:4085: $? = 0
configure:4182: checking how to run the C preprocessor
configure:4217: gcc -E  conftest.c
configure:4223: $? = 0
configure:4255: gcc -E  conftest.c
conftest.c:14:28: ac_nonexistent.h: No such file or directory
configure:4261: $? = 1
configure: failed program was:
| /* confdefs.h.  */
| 
| #define PACKAGE_NAME ""
| #define PACKAGE_TARNAME ""
| #define PACKAGE_VERSION ""
| #define PACKAGE_STRING ""
| #define PACKAGE_BUGREPORT ""
| #define PACKAGE "ethkiller"
| #define VERSION "0.1"
| #ifdef __cplusplus
| extern "C" void std::exit (int) throw (); using std::exit;
| #endif
| /* end confdefs.h.  */
| #include <ac_nonexistent.h>
configure:4300: result: gcc -E
configure:4324: gcc -E  conftest.c
configure:4330: $? = 0
configure:4362: gcc -E  conftest.c
conftest.c:14:28: ac_nonexistent.h: No such file or directory
configure:4368: $? = 1
configure: failed program was:
| /* confdefs.h.  */
| 
| #define PACKAGE_NAME ""
| #define PACKAGE_TARNAME ""
| #define PACKAGE_VERSION ""
| #define PACKAGE_STRING ""
| #define PACKAGE_BUGREPORT ""
| #define PACKAGE "ethkiller"
| #define VERSION "0.1"
| #ifdef __cplusplus
| extern "C" void std::exit (int) throw (); using std::exit;
| #endif
| /* end confdefs.h.  */
| #include <ac_nonexistent.h>
configure:4412: checking for ANSI C header files
configure:4437: gcc -c -g -O2  conftest.c >&5
configure:4443: $? = 0
configure:4447: test -z 
			 || test ! -s conftest.err
configure:4450: $? = 0
configure:4453: test -s conftest.o
configure:4456: $? = 0
configure:4542: gcc -o conftest -g -O2   conftest.c  >&5
configure:4545: $? = 0
configure:4547: ./conftest
configure:4550: $? = 0
configure:4565: result: yes
configure:4589: checking for sys/types.h
configure:4605: gcc -c -g -O2  conftest.c >&5
configure:4611: $? = 0
configure:4615: test -z 
			 || test ! -s conftest.err
configure:4618: $? = 0
configure:4621: test -s conftest.o
configure:4624: $? = 0
configure:4635: result: yes
configure:4589: checking for sys/stat.h
configure:4605: gcc -c -g -O2  conftest.c >&5
configure:4611: $? = 0
configure:4615: test -z 
			 || test ! -s conftest.err
configure:4618: $? = 0
configure:4621: test -s conftest.o
configure:4624: $? = 0
configure:4635: result: yes
configure:4589: checking for stdlib.h
configure:4605: gcc -c -g -O2  conftest.c >&5
configure:4611: $? = 0
configure:4615: test -z 
			 || test ! -s conftest.err
configure:4618: $? = 0
configure:4621: test -s conftest.o
configure:4624: $? = 0
configure:4635: result: yes
configure:4589: checking for string.h
configure:4605: gcc -c -g -O2  conftest.c >&5
configure:4611: $? = 0
configure:4615: test -z 
			 || test ! -s conftest.err
configure:4618: $? = 0
configure:4621: test -s conftest.o
configure:4624: $? = 0
configure:4635: result: yes
configure:4589: checking for memory.h
configure:4605: gcc -c -g -O2  conftest.c >&5
configure:4611: $? = 0
configure:4615: test -z 
			 || test ! -s conftest.err
configure:4618: $? = 0
configure:4621: test -s conftest.o
configure:4624: $? = 0
configure:4635: result: yes
configure:4589: checking for strings.h
configure:4605: gcc -c -g -O2  conftest.c >&5
configure:4611: $? = 0
configure:4615: test -z 
			 || test ! -s conftest.err
configure:4618: $? = 0
configure:4621: test -s conftest.o
configure:4624: $? = 0
configure:4635: result: yes
configure:4589: checking for inttypes.h
configure:4605: gcc -c -g -O2  conftest.c >&5
configure:4611: $? = 0
configure:4615: test -z 
			 || test ! -s conftest.err
configure:4618: $? = 0
configure:4621: test -s conftest.o
configure:4624: $? = 0
configure:4635: result: yes
configure:4589: checking for stdint.h
configure:4605: gcc -c -g -O2  conftest.c >&5
configure:4611: $? = 0
configure:4615: test -z 
			 || test ! -s conftest.err
configure:4618: $? = 0
configure:4621: test -s conftest.o
configure:4624: $? = 0
configure:4635: result: yes
configure:4589: checking for unistd.h
configure:4605: gcc -c -g -O2  conftest.c >&5
configure:4611: $? = 0
configure:4615: test -z 
			 || test ! -s conftest.err
configure:4618: $? = 0
configure:4621: test -s conftest.o
configure:4624: $? = 0
configure:4635: result: yes
configure:4661: checking dlfcn.h usability
configure:4673: gcc -c -g -O2  conftest.c >&5
configure:4679: $? = 0
configure:4683: test -z 
			 || test ! -s conftest.err
configure:4686: $? = 0
configure:4689: test -s conftest.o
configure:4692: $? = 0
configure:4702: result: yes
configure:4706: checking dlfcn.h presence
configure:4716: gcc -E  conftest.c
configure:4722: $? = 0
configure:4742: result: yes
configure:4777: checking for dlfcn.h
configure:4784: result: yes
configure:4802: checking how to run the C++ preprocessor
configure:4833: g++ -E  conftest.cc
configure:4839: $? = 0
configure:4871: g++ -E  conftest.cc
conftest.cc:25:28: ac_nonexistent.h: No such file or directory
configure:4877: $? = 1
configure: failed program was:
| /* confdefs.h.  */
| 
| #define PACKAGE_NAME ""
| #define PACKAGE_TARNAME ""
| #define PACKAGE_VERSION ""
| #define PACKAGE_STRING ""
| #define PACKAGE_BUGREPORT ""
| #define PACKAGE "ethkiller"
| #define VERSION "0.1"
| #ifdef __cplusplus
| extern "C" void std::exit (int) throw (); using std::exit;
| #endif
| #define STDC_HEADERS 1
| #define HAVE_SYS_TYPES_H 1
| #define HAVE_SYS_STAT_H 1
| #define HAVE_STDLIB_H 1
| #define HAVE_STRING_H 1
| #define HAVE_MEMORY_H 1
| #define HAVE_STRINGS_H 1
| #define HAVE_INTTYPES_H 1
| #define HAVE_STDINT_H 1
| #define HAVE_UNISTD_H 1
| #define HAVE_DLFCN_H 1
| /* end confdefs.h.  */
| #include <ac_nonexistent.h>
configure:4916: result: g++ -E
configure:4940: g++ -E  conftest.cc
configure:4946: $? = 0
configure:4978: g++ -E  conftest.cc
conftest.cc:25:28: ac_nonexistent.h: No such file or directory
configure:4984: $? = 1
configure: failed program was:
| /* confdefs.h.  */
| 
| #define PACKAGE_NAME ""
| #define PACKAGE_TARNAME ""
| #define PACKAGE_VERSION ""
| #define PACKAGE_STRING ""
| #define PACKAGE_BUGREPORT ""
| #define PACKAGE "ethkiller"
| #define VERSION "0.1"
| #ifdef __cplusplus
| extern "C" void std::exit (int) throw (); using std::exit;
| #endif
| #define STDC_HEADERS 1
| #define HAVE_SYS_TYPES_H 1
| #define HAVE_SYS_STAT_H 1
| #define HAVE_STDLIB_H 1
| #define HAVE_STRING_H 1
| #define HAVE_MEMORY_H 1
| #define HAVE_STRINGS_H 1
| #define HAVE_INTTYPES_H 1
| #define HAVE_STDINT_H 1
| #define HAVE_UNISTD_H 1
| #define HAVE_DLFCN_H 1
| /* end confdefs.h.  */
| #include <ac_nonexistent.h>
configure:5079: checking for g77
configure:5108: result: no
configure:5079: checking for f77
configure:5108: result: no
configure:5079: checking for xlf
configure:5108: result: no
configure:5079: checking for frt
configure:5108: result: no
configure:5079: checking for pgf77
configure:5108: result: no
configure:5079: checking for fort77
configure:5108: result: no
configure:5079: checking for fl32
configure:5108: result: no
configure:5079: checking for af77
configure:5108: result: no
configure:5079: checking for f90
configure:5108: result: no
configure:5079: checking for xlf90
configure:5108: result: no
configure:5079: checking for pgf90
configure:5108: result: no
configure:5079: checking for epcf90
configure:5108: result: no
configure:5079: checking for f95
configure:5108: result: no
configure:5079: checking for fort
configure:5108: result: no
configure:5079: checking for xlf95
configure:5108: result: no
configure:5079: checking for ifc
configure:5108: result: no
configure:5079: checking for efc
configure:5108: result: no
configure:5079: checking for pgf95
configure:5108: result: no
configure:5079: checking for lf95
configure:5108: result: no
configure:5079: checking for gfortran
configure:5108: result: no
configure:5123: checking for Fortran 77 compiler version
configure:5123:  --version </dev/null >&5
/home/pingwin/ethkiller/configure: line 1: --version: command not found
configure:5126: $? = 127
configure:5128:  -v </dev/null >&5
/home/pingwin/ethkiller/configure: line 1: -v: command not found
configure:5131: $? = 127
configure:5133:  -V </dev/null >&5
/home/pingwin/ethkiller/configure: line 1: -V: command not found
configure:5136: $? = 127
configure:5144: checking whether we are using the GNU Fortran 77 compiler
configure:5158:  -c  conftest.F >&5
/home/pingwin/ethkiller/configure: line 1: -c: command not found
configure:5164: $? = 127
configure: failed program was:
|       program main
| #ifndef __GNUC__
|        choke me
| #endif
| 
|       end
configure:5190: result: no
configure:5196: checking whether  accepts -g
configure:5208:  -c -g conftest.f >&5
/home/pingwin/ethkiller/configure: line 1: -c: command not found
configure:5214: $? = 127
configure: failed program was:
|       program main
| 
|       end
configure:5239: result: no
configure:5269: checking the maximum length of command line arguments
configure:5334: result: 32768
configure:5345: checking command to parse /usr/bin/nm -B output from gcc object
configure:5434: g++ -c -O0 -g3  conftest.cc >&5
configure:5437: $? = 0
configure:5441: /usr/bin/nm -B conftest.o \| sed -n -e 's/^.*[ 	]\([ABCDGIRSTW][ABCDGIRSTW]*\)[ 	][ 	]*\(\)\([_A-Za-z][_A-Za-z0-9]*\)$/\1 \2\3 \3/p' \> conftest.nm
configure:5444: $? = 0
configure:5496: g++ -o conftest -O0 -g3   conftest.cc conftstm.o >&5
configure:5499: $? = 0
configure:5537: result: ok
configure:5541: checking for objdir
configure:5556: result: .libs
configure:5646: checking for ar
configure:5662: found /usr/bin/ar
configure:5673: result: ar
configure:5726: checking for ranlib
configure:5742: found /usr/bin/ranlib
configure:5753: result: ranlib
configure:5806: checking for strip
configure:5822: found /usr/bin/strip
configure:5833: result: strip
configure:6095: checking if gcc static flag  works
configure:6118: result: yes
configure:6136: checking if gcc supports -fno-rtti -fno-exceptions
configure:6157: gcc -c -g -O2  -fno-rtti -fno-exceptions conftest.c >&5
cc1: warning: "-fno-rtti" is valid for C++ but not for C/ObjC
configure:6161: $? = 0
configure:6169: result: no
configure:6184: checking for gcc option to produce PIC
configure:6361: result: -fPIC
configure:6369: checking if gcc PIC flag -fPIC works
configure:6390: gcc -c -g -O2  -fPIC -DPIC conftest.c >&5
configure:6394: $? = 0
configure:6402: result: yes
configure:6426: checking if gcc supports -c -o file.o
configure:6450: gcc -c -g -O2  -o out/conftest2.o conftest.c >&5
configure:6454: $? = 0
configure:6471: result: yes
configure:6497: checking whether the gcc linker (/usr/i686-pc-linux-gnu/bin/ld) supports shared libraries
configure:7345: result: yes
configure:7371: checking whether -lc should be explicitly linked in
configure:7376: gcc -c -g -O2  conftest.c >&5
configure:7379: $? = 0
configure:7393: gcc -shared conftest.o  -v -Wl,-soname -Wl,conftest -o conftest 2\>\&1 \| grep  -lc  \>/dev/null 2\>\&1
configure:7396: $? = 0
configure:7408: result: no
configure:7416: checking dynamic linker characteristics
configure:8011: result: GNU/Linux ld.so
configure:8015: checking how to hardcode library paths into programs
configure:8040: result: immediate
configure:8054: checking whether stripping libraries is possible
configure:8059: result: yes
configure:8889: checking if libtool supports shared libraries
configure:8891: result: yes
configure:8894: checking whether to build shared libraries
configure:8952: result: yes
configure:8955: checking whether to build static libraries
configure:8959: result: yes
configure:9051: creating libtool
configure:9598: checking for ld used by g++
configure:9665: result: /usr/i686-pc-linux-gnu/bin/ld
configure:9674: checking if the linker (/usr/i686-pc-linux-gnu/bin/ld) is GNU ld
configure:9689: result: yes
configure:9740: checking whether the g++ linker (/usr/i686-pc-linux-gnu/bin/ld) supports shared libraries
configure:10568: result: yes
configure:10586: g++ -c -O0 -g3  conftest.cc >&5
configure:10589: $? = 0
configure:10685: checking for g++ option to produce PIC
configure:10937: result: -fPIC
configure:10945: checking if g++ PIC flag -fPIC works
configure:10966: g++ -c -O0 -g3  -fPIC -DPIC conftest.cc >&5
configure:10970: $? = 0
configure:10978: result: yes
configure:11002: checking if g++ supports -c -o file.o
configure:11026: g++ -c -O0 -g3  -o out/conftest2.o conftest.cc >&5
configure:11030: $? = 0
configure:11047: result: yes
configure:11073: checking whether the g++ linker (/usr/i686-pc-linux-gnu/bin/ld) supports shared libraries
configure:11098: result: yes
configure:11169: checking dynamic linker characteristics
configure:11764: result: GNU/Linux ld.so
configure:11768: checking how to hardcode library paths into programs
configure:11793: result: immediate
configure:11807: checking whether stripping libraries is possible
configure:11812: result: yes
configure:19279: creating ./config.status

## ---------------------- ##
## Running config.status. ##
## ---------------------- ##

This file was extended by config.status, which was
generated by GNU Autoconf 2.59.  Invocation command line was

  CONFIG_FILES    = 
  CONFIG_HEADERS  = 
  CONFIG_LINKS    = 
  CONFIG_COMMANDS = 
  $ ./config.status 

on guy

config.status:706: creating Makefile
config.status:706: creating src/Makefile
config.status:803: creating config.h
config.status:1075: executing depfiles commands

## ---------------- ##
## Cache variables. ##
## ---------------- ##

ac_cv_build=i686-pc-linux-gnu
ac_cv_build_alias=i686-pc-linux-gnu
ac_cv_c_compiler_gnu=yes
ac_cv_cxx_compiler_gnu=yes
ac_cv_env_CC_set=set
ac_cv_env_CC_value=gcc
ac_cv_env_CFLAGS_set=
ac_cv_env_CFLAGS_value=
ac_cv_env_CPPFLAGS_set=
ac_cv_env_CPPFLAGS_value=
ac_cv_env_CPP_set=
ac_cv_env_CPP_value=
ac_cv_env_CXXCPP_set=
ac_cv_env_CXXCPP_value=
ac_cv_env_CXXFLAGS_set=set
ac_cv_env_CXXFLAGS_value='-O0 -g3'
ac_cv_env_CXX_set=set
ac_cv_env_CXX_value=g++
ac_cv_env_F77_set=
ac_cv_env_F77_value=
ac_cv_env_FFLAGS_set=
ac_cv_env_FFLAGS_value=
ac_cv_env_LDFLAGS_set=
ac_cv_env_LDFLAGS_value=
ac_cv_env_build_alias_set=
ac_cv_env_build_alias_value=
ac_cv_env_host_alias_set=
ac_cv_env_host_alias_value=
ac_cv_env_target_alias_set=
ac_cv_env_target_alias_value=
ac_cv_exeext=
ac_cv_f77_compiler_gnu=no
ac_cv_header_dlfcn_h=yes
ac_cv_header_inttypes_h=yes
ac_cv_header_memory_h=yes
ac_cv_header_stdc=yes
ac_cv_header_stdint_h=yes
ac_cv_header_stdlib_h=yes
ac_cv_header_string_h=yes
ac_cv_header_strings_h=yes
ac_cv_header_sys_stat_h=yes
ac_cv_header_sys_types_h=yes
ac_cv_header_unistd_h=yes
ac_cv_host=i686-pc-linux-gnu
ac_cv_host_alias=i686-pc-linux-gnu
ac_cv_objext=o
ac_cv_path_install='/bin/install -c'
ac_cv_prog_AWK=gawk
ac_cv_prog_CPP='gcc -E'
ac_cv_prog_CXXCPP='g++ -E'
ac_cv_prog_ac_ct_AR=ar
ac_cv_prog_ac_ct_CC=gcc
ac_cv_prog_ac_ct_RANLIB=ranlib
ac_cv_prog_ac_ct_STRIP=strip
ac_cv_prog_cc_g=yes
ac_cv_prog_cc_stdc=
ac_cv_prog_cxx_g=yes
ac_cv_prog_egrep='grep -E'
ac_cv_prog_f77_g=no
ac_cv_prog_make_make_set=yes
am_cv_CC_dependencies_compiler_type=gcc3
am_cv_CXX_dependencies_compiler_type=gcc3
lt_cv_cc_64bit_output=no
lt_cv_deplibs_check_method=pass_all
lt_cv_file_magic_cmd='$MAGIC_CMD'
lt_cv_file_magic_test_file='/lib/libc.so.6 /lib/libc-2.3.4.so'
lt_cv_ld_reload_flag=-r
lt_cv_objdir=.libs
lt_cv_path_LD=/usr/i686-pc-linux-gnu/bin/ld
lt_cv_path_LDCXX=/usr/i686-pc-linux-gnu/bin/ld
lt_cv_path_NM='/usr/bin/nm -B'
lt_cv_path_SED=/bin/sed
lt_cv_prog_compiler_c_o=yes
lt_cv_prog_compiler_c_o_CXX=yes
lt_cv_prog_compiler_rtti_exceptions=no
lt_cv_prog_gnu_ld=yes
lt_cv_prog_gnu_ldcxx=yes
lt_cv_sys_global_symbol_pipe='sed -n -e '\''s/^.*[ 	]\([ABCDGIRSTW][ABCDGIRSTW]*\)[ 	][ 	]*\(\)\([_A-Za-z][_A-Za-z0-9]*\)$/\1 \2\3 \3/p'\'''
lt_cv_sys_global_symbol_to_c_name_address='sed -n -e '\''s/^: \([^ ]*\) $/  {\"\1\", (lt_ptr) 0},/p'\'' -e '\''s/^[BCDEGRST] \([^ ]*\) \([^ ]*\)$/  {"\2", (lt_ptr) \&\2},/p'\'''
lt_cv_sys_global_symbol_to_cdecl='sed -n -e '\''s/^. .* \(.*\)$/extern int \1;/p'\'''
lt_cv_sys_max_cmd_len=32768
lt_lt_cv_prog_compiler_c_o='"yes"'
lt_lt_cv_prog_compiler_c_o_CXX='"yes"'
lt_lt_cv_sys_global_symbol_pipe='"sed -n -e '\''s/^.*[ 	]\\([ABCDGIRSTW][ABCDGIRSTW]*\\)[ 	][ 	]*\\(\\)\\([_A-Za-z][_A-Za-z0-9]*\\)\$/\\1 \\2\\3 \\3/p'\''"'
lt_lt_cv_sys_global_symbol_to_c_name_address='"sed -n -e '\''s/^: \\([^ ]*\\) \$/  {\\\"\\1\\\", (lt_ptr) 0},/p'\'' -e '\''s/^[BCDEGRST] \\([^ ]*\\) \\([^ ]*\\)\$/  {\"\\2\", (lt_ptr) \\&\\2},/p'\''"'
lt_lt_cv_sys_global_symbol_to_cdecl='"sed -n -e '\''s/^. .* \\(.*\\)\$/extern int \\1;/p'\''"'

## ----------------- ##
## Output variables. ##
## ----------------- ##

ACLOCAL='${SHELL} /home/pingwin/ethkiller/missing --run aclocal-1.6'
AMDEPBACKSLASH='\'
AMDEP_FALSE='#'
AMDEP_TRUE=''
AMTAR='${SHELL} /home/pingwin/ethkiller/missing --run tar'
AR='ar'
AUTOCONF='${SHELL} /home/pingwin/ethkiller/missing --run autoconf'
AUTOHEADER='${SHELL} /home/pingwin/ethkiller/missing --run autoheader'
AUTOMAKE='${SHELL} /home/pingwin/ethkiller/missing --run automake-1.6'
AWK='gawk'
CC='gcc'
CCDEPMODE='depmode=gcc3'
CFLAGS='-g -O2'
CPP='gcc -E'
CPPFLAGS=''
CXX='g++'
CXXCPP='g++ -E'
CXXDEPMODE='depmode=gcc3'
CXXFLAGS='-O0 -g3'
DEFS='-DHAVE_CONFIG_H'
DEPDIR='.deps'
ECHO='echo'
ECHO_C=''
ECHO_N='-n'
ECHO_T=''
EGREP='grep -E'
EXEEXT=''
F77=''
FFLAGS=''
INSTALL_DATA='${INSTALL} -m 644'
INSTALL_PROGRAM='${INSTALL}'
INSTALL_SCRIPT='${INSTALL}'
INSTALL_STRIP_PROGRAM='${SHELL} $(install_sh) -c -s'
LDFLAGS=''
LIBOBJS=''
LIBS=''
LIBTOOL='$(SHELL) $(top_builddir)/libtool'
LN_S='ln -s'
LTLIBOBJS=''
MAKEINFO='${SHELL} /home/pingwin/ethkiller/missing --run makeinfo'
OBJEXT='o'
PACKAGE='ethkiller'
PACKAGE_BUGREPORT=''
PACKAGE_NAME=''
PACKAGE_STRING=''
PACKAGE_TARNAME=''
PACKAGE_VERSION=''
PATH_SEPARATOR=':'
RANLIB='ranlib'
SET_MAKE=''
SHELL='/bin/sh'
STRIP='strip'
VERSION='0.1'
ac_ct_AR='ar'
ac_ct_CC='gcc'
ac_ct_CXX=''
ac_ct_F77=''
ac_ct_RANLIB='ranlib'
ac_ct_STRIP='strip'
am__include='include'
am__quote=''
bindir='${exec_prefix}/bin'
build='i686-pc-linux-gnu'
build_alias=''
build_cpu='i686'
build_os='linux-gnu'
build_vendor='pc'
datadir='${prefix}/share'
exec_prefix='${prefix}'
host='i686-pc-linux-gnu'
host_alias=''
host_cpu='i686'
host_os='linux-gnu'
host_vendor='pc'
includedir='${prefix}/include'
infodir='${prefix}/info'
install_sh='/home/pingwin/ethkiller/install-sh'
libdir='${exec_prefix}/lib'
libexecdir='${exec_prefix}/libexec'
localstatedir='${prefix}/var'
mandir='${prefix}/man'
oldincludedir='/usr/include'
prefix='/usr/local'
program_transform_name='s,x,x,'
sbindir='${exec_prefix}/sbin'
sharedstatedir='${prefix}/com'
sysconfdir='${prefix}/etc'
target_alias=''

## ----------- ##
## confdefs.h. ##
## ----------- ##

#define HAVE_DLFCN_H 1
#define HAVE_INTTYPES_H 1
#define HAVE_MEMORY_H 1
#define HAVE_STDINT_H 1
#define HAVE_STDLIB_H 1
#define HAVE_STRINGS_H 1
#define HAVE_STRING_H 1
#define HAVE_SYS_STAT_H 1
#define HAVE_SYS_TYPES_H 1
#define HAVE_UNISTD_H 1
#define PACKAGE "ethkiller"
#define PACKAGE_BUGREPORT ""
#define PACKAGE_NAME ""
#define PACKAGE_STRING ""
#define PACKAGE_TARNAME ""
#define PACKAGE_VERSION ""
#define STDC_HEADERS 1
#define VERSION "0.1"
#endif
#ifdef __cplusplus
extern "C" void std::exit (int) throw (); using std::exit;

configure: exit 0
